Using pre-set license
Built from '2021.3/staging' branch; Version is '2021.3.13f1 (9e7d58001ecf) revision 10386776'; Using compiler version '192829333'; Build Type 'Release'
OS: 'Windows 10  (10.0.19045) 64bit Education' Language: 'en' Physical Memory: 32704 MB
BatchMode: 1, IsHumanControllingUs: 0, StartBugReporterOnCrash: 0, Is64bit: 1, IsPro: 1

COMMAND LINE ARGUMENTS:
C:\Program Files\Unity\Hub\Editor\2021.3.13f1\Editor\Unity.exe
-adb2
-batchMode
-noUpm
-name
AssetImportWorker0
-projectPath
C:/Users/s213090/Documents/GitHub/ComplexGameSystems/LootSimulator
-logFile
Logs/AssetImportWorker0.log
-srvPort
50009
Successfully changed project path to: C:/Users/s213090/Documents/GitHub/ComplexGameSystems/LootSimulator
C:/Users/s213090/Documents/GitHub/ComplexGameSystems/LootSimulator
[UnityMemory] Configuration Parameters - Can be set up in boot.config
    "memorysetup-bucket-allocator-granularity=16"
    "memorysetup-bucket-allocator-bucket-count=8"
    "memorysetup-bucket-allocator-block-size=33554432"
    "memorysetup-bucket-allocator-block-count=8"
    "memorysetup-main-allocator-block-size=16777216"
    "memorysetup-thread-allocator-block-size=16777216"
    "memorysetup-gfx-main-allocator-block-size=16777216"
    "memorysetup-gfx-thread-allocator-block-size=16777216"
    "memorysetup-cache-allocator-block-size=4194304"
    "memorysetup-typetree-allocator-block-size=2097152"
    "memorysetup-profiler-bucket-allocator-granularity=16"
    "memorysetup-profiler-bucket-allocator-bucket-count=8"
    "memorysetup-profiler-bucket-allocator-block-size=33554432"
    "memorysetup-profiler-bucket-allocator-block-count=8"
    "memorysetup-profiler-allocator-block-size=16777216"
    "memorysetup-profiler-editor-allocator-block-size=1048576"
    "memorysetup-temp-allocator-size-main=16777216"
    "memorysetup-job-temp-allocator-block-size=2097152"
    "memorysetup-job-temp-allocator-block-size-background=1048576"
    "memorysetup-job-temp-allocator-reduction-small-platforms=262144"
    "memorysetup-temp-allocator-size-background-worker=32768"
    "memorysetup-temp-allocator-size-job-worker=262144"
    "memorysetup-temp-allocator-size-preload-manager=33554432"
    "memorysetup-temp-allocator-size-nav-mesh-worker=65536"
    "memorysetup-temp-allocator-size-audio-worker=65536"
    "memorysetup-temp-allocator-size-cloud-worker=32768"
    "memorysetup-temp-allocator-size-gi-baking-worker=262144"
    "memorysetup-temp-allocator-size-gfx=262144"
Refreshing native plugins compatible for Editor in 82.83 ms, found 1 plugins.
Preloading 0 native plugins for Editor in 0.00 ms.
Initialize engine version: 2021.3.13f1 (9e7d58001ecf)
[Subsystems] Discovering subsystems at path C:/Program Files/Unity/Hub/Editor/2021.3.13f1/Editor/Data/Resources/UnitySubsystems
[Subsystems] Discovering subsystems at path C:/Users/s213090/Documents/GitHub/ComplexGameSystems/LootSimulator/Assets
GfxDevice: creating device client; threaded=0; jobified=0
Direct3D:
    Version:  Direct3D 11.0 [level 11.1]
    Renderer: NVIDIA GeForce GTX 960 (ID=0x1401)
    Vendor:   NVIDIA
    VRAM:     4047 MB
    Driver:   31.0.15.2647
Initialize mono
Mono path[0] = 'C:/Program Files/Unity/Hub/Editor/2021.3.13f1/Editor/Data/Managed'
Mono path[1] = 'C:/Program Files/Unity/Hub/Editor/2021.3.13f1/Editor/Data/MonoBleedingEdge/lib/mono/unityjit-win32'
Mono config path = 'C:/Program Files/Unity/Hub/Editor/2021.3.13f1/Editor/Data/MonoBleedingEdge/etc'
Using monoOptions --debugger-agent=transport=dt_socket,embedding=1,server=y,suspend=n,address=127.0.0.1:56620
Begin MonoManager ReloadAssembly
Registering precompiled unity dll's ...
Register platform support module: C:/Program Files/Unity/Hub/Editor/2021.3.13f1/Editor/Data/PlaybackEngines/WebGLSupport/UnityEditor.WebGL.Extensions.dll
Register platform support module: C:/Program Files/Unity/Hub/Editor/2021.3.13f1/Editor/Data/PlaybackEngines/AndroidPlayer/UnityEditor.Android.Extensions.dll
Register platform support module: C:/Program Files/Unity/Hub/Editor/2021.3.13f1/Editor/Data/PlaybackEngines/iOSSupport/UnityEditor.iOS.Extensions.dll
Register platform support module: C:/Program Files/Unity/Hub/Editor/2021.3.13f1/Editor/Data/PlaybackEngines/WindowsStandaloneSupport/UnityEditor.WindowsStandalone.Extensions.dll
Register platform support module: C:/Program Files/Unity/Hub/Editor/2021.3.13f1/Editor/Data/PlaybackEngines/MetroSupport/UnityEditor.UWP.Extensions.dll
Registered in 0.012202 seconds.
Native extension for UWP target not found
Native extension for WindowsStandalone target not found
[usbmuxd] Start listen thread
[usbmuxd] Listen thread started
Native extension for iOS target not found
Native extension for Android target not found
Native extension for WebGL target not found
Refreshing native plugins compatible for Editor in 77.01 ms, found 1 plugins.
Preloading 0 native plugins for Editor in 0.00 ms.
Mono: successfully reloaded assembly
- Completed reload, in  0.743 seconds
Domain Reload Profiling:
	ReloadAssembly (743ms)
		BeginReloadAssembly (85ms)
			ExecutionOrderSort (0ms)
			DisableScriptedObjects (0ms)
			BackupInstance (0ms)
			ReleaseScriptingObjects (0ms)
			CreateAndSetChildDomain (1ms)
		EndReloadAssembly (532ms)
			LoadAssemblies (85ms)
			RebuildTransferFunctionScriptingTraits (0ms)
			SetupTypeCache (124ms)
			ReleaseScriptCaches (0ms)
			RebuildScriptCaches (32ms)
			SetupLoadedEditorAssemblies (322ms)
				LogAssemblyErrors (0ms)
				InitializePlatformSupportModulesInManaged (69ms)
				SetLoadedEditorAssemblies (0ms)
				RefreshPlugins (77ms)
				BeforeProcessingInitializeOnLoad (1ms)
				ProcessInitializeOnLoadAttributes (120ms)
				ProcessInitializeOnLoadMethodAttributes (54ms)
				AfterProcessingInitializeOnLoad (0ms)
				EditorAssembliesLoaded (0ms)
			ExecutionOrderSort2 (0ms)
			AwakeInstancesAfterBackupRestoration (0ms)
Platform modules already initialized, skipping
Registering precompiled user dll's ...
Registered in 0.003750 seconds.
Begin MonoManager ReloadAssembly
Symbol file LoadedFromMemory doesn't match image C:\Users\s213090\Documents\GitHub\ComplexGameSystems\LootSimulator\Library\PackageCache\com.unity.visualscripting@1.7.8\Editor\VisualScripting.Core\Dependencies\YamlDotNet\Unity.VisualScripting.YamlDotNet.dll
Symbol file LoadedFromMemory doesn't match image C:\Users\s213090\Documents\GitHub\ComplexGameSystems\LootSimulator\Library\PackageCache\com.unity.visualscripting@1.7.8\Editor\VisualScripting.Core\Dependencies\DotNetZip\Unity.VisualScripting.IonicZip.dll
Native extension for UWP target not found
Native extension for WindowsStandalone target not found
Native extension for iOS target not found
Native extension for Android target not found
Native extension for WebGL target not found
Refreshing native plugins compatible for Editor in 0.68 ms, found 1 plugins.
Preloading 0 native plugins for Editor in 0.00 ms.
Mono: successfully reloaded assembly
- Completed reload, in  1.020 seconds
Domain Reload Profiling:
	ReloadAssembly (1021ms)
		BeginReloadAssembly (126ms)
			ExecutionOrderSort (0ms)
			DisableScriptedObjects (6ms)
			BackupInstance (0ms)
			ReleaseScriptingObjects (0ms)
			CreateAndSetChildDomain (23ms)
		EndReloadAssembly (742ms)
			LoadAssemblies (84ms)
			RebuildTransferFunctionScriptingTraits (0ms)
			SetupTypeCache (253ms)
			ReleaseScriptCaches (1ms)
			RebuildScriptCaches (48ms)
			SetupLoadedEditorAssemblies (321ms)
				LogAssemblyErrors (0ms)
				InitializePlatformSupportModulesInManaged (34ms)
				SetLoadedEditorAssemblies (1ms)
				RefreshPlugins (1ms)
				BeforeProcessingInitializeOnLoad (97ms)
				ProcessInitializeOnLoadAttributes (159ms)
				ProcessInitializeOnLoadMethodAttributes (22ms)
				AfterProcessingInitializeOnLoad (9ms)
				EditorAssembliesLoaded (0ms)
			ExecutionOrderSort2 (0ms)
			AwakeInstancesAfterBackupRestoration (8ms)
Platform modules already initialized, skipping
========================================================================
Worker process is ready to serve import requests
Launched and connected shader compiler UnityShaderCompiler.exe after 0.05 seconds
Refreshing native plugins compatible for Editor in 0.65 ms, found 1 plugins.
Preloading 0 native plugins for Editor in 0.00 ms.
Unloading 2729 Unused Serialized files (Serialized files now loaded: 0)
Unloading 17 unused Assets / (113.4 KB). Loaded Objects now: 3198.
Memory consumption went from 99.3 MB to 99.2 MB.
Total: 2.740900 ms (FindLiveObjects: 0.252100 ms CreateObjectMapping: 0.190400 ms MarkObjects: 2.193900 ms  DeleteObjects: 0.103400 ms)

AssetImportParameters requested are different than current active one (requested -> active):
  custom:video-decoder-ogg-theora: a1e56fd34408186e4bbccfd4996cb3dc -> 
  custom:container-muxer-webm: aa71ff27fc2769a1b78a27578f13a17b -> 
  custom:container-demuxer-webm: 4f35f7cbe854078d1ac9338744f61a02 -> 
  custom:video-encoder-webm-vp8: eb34c28f22e8b96e1ab97ce403110664 -> 
  custom:audio-encoder-webm-vorbis: bf7c407c2cedff20999df2af8eb42d56 -> 
  custom:framework-win-MediaFoundation: 216162199b28c13a410421893ffa2e32 -> 
  custom:container-demuxer-ogg: 62fdf1f143b41e24485cea50d1cbac27 -> 
  custom:video-decoder-webm-vp8: 9c59270c3fd7afecdb556c50c9e8de78 -> 
  custom:audio-decoder-ogg-vorbis: bf7c407c2cedff20999df2af8eb42d56 -> 
========================================================================
Received Import Request.
  Time since last request: 277950.648303 seconds.
  path: Assets/Loot Table/Script/Spawner.cs
  artifactKey: Guid(089a34a36434c544f8ad7460f4a9c806) Importer(815301076,1909f56bfc062723c751e8b465ee728b)
Start importing Assets/Loot Table/Script/Spawner.cs using Guid(089a34a36434c544f8ad7460f4a9c806) Importer(815301076,1909f56bfc062723c751e8b465ee728b)  -> (artifact id: '050e9629d9c8df68cd3a84b675374e50') in 0.039949 seconds 
========================================================================
Received Import Request.
  Time since last request: 10.884693 seconds.
  path: Assets/Loot Table/Demo/Base Loot Table.asset
  artifactKey: Guid(3b6340593a36f1c46b85127f2d9df44c) Importer(815301076,1909f56bfc062723c751e8b465ee728b)
Start importing Assets/Loot Table/Demo/Base Loot Table.asset using Guid(3b6340593a36f1c46b85127f2d9df44c) Importer(815301076,1909f56bfc062723c751e8b465ee728b)  -> (artifact id: 'afa6a36c517924dd74ab331604b391b1') in 0.025767 seconds 
========================================================================
Received Import Request.
  Time since last request: 1.629557 seconds.
  path: Assets/Loot Table/Demo/Demo 01.unity
  artifactKey: Guid(bf3f8cc5858601043969699cd5df5379) Importer(815301076,1909f56bfc062723c751e8b465ee728b)
Start importing Assets/Loot Table/Demo/Demo 01.unity using Guid(bf3f8cc5858601043969699cd5df5379) Importer(815301076,1909f56bfc062723c751e8b465ee728b)  -> (artifact id: '2cc62aa2ff85c7cd5fd210d90bc3a019') in 0.012758 seconds 
========================================================================
Received Prepare
Registering precompiled user dll's ...
Registered in 0.003491 seconds.
Begin MonoManager ReloadAssembly
Symbol file LoadedFromMemory doesn't match image C:\Users\s213090\Documents\GitHub\ComplexGameSystems\LootSimulator\Library\PackageCache\com.unity.visualscripting@1.7.8\Editor\VisualScripting.Core\Dependencies\YamlDotNet\Unity.VisualScripting.YamlDotNet.dll
Symbol file LoadedFromMemory doesn't match image C:\Users\s213090\Documents\GitHub\ComplexGameSystems\LootSimulator\Library\PackageCache\com.unity.visualscripting@1.7.8\Editor\VisualScripting.Core\Dependencies\DotNetZip\Unity.VisualScripting.IonicZip.dll
Native extension for UWP target not found
Native extension for WindowsStandalone target not found
Native extension for iOS target not found
Native extension for Android target not found
Native extension for WebGL target not found
Refreshing native plugins compatible for Editor in 0.75 ms, found 1 plugins.
Preloading 0 native plugins for Editor in 0.00 ms.
Mono: successfully reloaded assembly
- Completed reload, in  1.193 seconds
Domain Reload Profiling:
	ReloadAssembly (1193ms)
		BeginReloadAssembly (210ms)
			ExecutionOrderSort (0ms)
			DisableScriptedObjects (10ms)
			BackupInstance (0ms)
			ReleaseScriptingObjects (0ms)
			CreateAndSetChildDomain (52ms)
		EndReloadAssembly (841ms)
			LoadAssemblies (121ms)
			RebuildTransferFunctionScriptingTraits (0ms)
			SetupTypeCache (290ms)
			ReleaseScriptCaches (1ms)
			RebuildScriptCaches (53ms)
			SetupLoadedEditorAssemblies (346ms)
				LogAssemblyErrors (0ms)
				InitializePlatformSupportModulesInManaged (49ms)
				SetLoadedEditorAssemblies (1ms)
				RefreshPlugins (1ms)
				BeforeProcessingInitializeOnLoad (84ms)
				ProcessInitializeOnLoadAttributes (173ms)
				ProcessInitializeOnLoadMethodAttributes (26ms)
				AfterProcessingInitializeOnLoad (12ms)
				EditorAssembliesLoaded (0ms)
			ExecutionOrderSort2 (0ms)
			AwakeInstancesAfterBackupRestoration (9ms)
Platform modules already initialized, skipping
Refreshing native plugins compatible for Editor in 1.37 ms, found 1 plugins.
Preloading 0 native plugins for Editor in 0.00 ms.
Unloading 2724 Unused Serialized files (Serialized files now loaded: 0)
Unloading 10 unused Assets / (79.7 KB). Loaded Objects now: 3205.
Memory consumption went from 99.3 MB to 99.3 MB.
Total: 3.294100 ms (FindLiveObjects: 0.221700 ms CreateObjectMapping: 0.217400 ms MarkObjects: 2.774200 ms  DeleteObjects: 0.079600 ms)

AssetImportParameters requested are different than current active one (requested -> active):
  custom:video-decoder-ogg-theora: a1e56fd34408186e4bbccfd4996cb3dc -> 
  custom:container-muxer-webm: aa71ff27fc2769a1b78a27578f13a17b -> 
  custom:container-demuxer-webm: 4f35f7cbe854078d1ac9338744f61a02 -> 
  custom:video-encoder-webm-vp8: eb34c28f22e8b96e1ab97ce403110664 -> 
  custom:audio-encoder-webm-vorbis: bf7c407c2cedff20999df2af8eb42d56 -> 
  custom:framework-win-MediaFoundation: 216162199b28c13a410421893ffa2e32 -> 
  custom:container-demuxer-ogg: 62fdf1f143b41e24485cea50d1cbac27 -> 
  custom:video-decoder-webm-vp8: 9c59270c3fd7afecdb556c50c9e8de78 -> 
  custom:audio-decoder-ogg-vorbis: bf7c407c2cedff20999df2af8eb42d56 -> 
========================================================================
Received Import Request.
  Time since last request: 38.966710 seconds.
  path: Assets/Loot Table/Demo/Prefabs
  artifactKey: Guid(a735d0b0043ba4f4b98b858964acd107) Importer(815301076,1909f56bfc062723c751e8b465ee728b)
Start importing Assets/Loot Table/Demo/Prefabs using Guid(a735d0b0043ba4f4b98b858964acd107) Importer(815301076,1909f56bfc062723c751e8b465ee728b)  -> (artifact id: 'a4aa403238d643f0b511a30ec6342108') in 0.015206 seconds 
========================================================================
Received Import Request.
  Time since last request: 0.049607 seconds.
  path: Assets/Loot Table/Demo/Prefabs/Blue_Ball.prefab
  artifactKey: Guid(ad5b52caf55f5dd48970d126095961c6) Importer(815301076,1909f56bfc062723c751e8b465ee728b)
Start importing Assets/Loot Table/Demo/Prefabs/Blue_Ball.prefab using Guid(ad5b52caf55f5dd48970d126095961c6) Importer(815301076,1909f56bfc062723c751e8b465ee728b)  -> (artifact id: 'bec59d3a784d1875e76a5cb8d540a08f') in 0.370367 seconds 
========================================================================
Received Import Request.
  Time since last request: 0.000030 seconds.
  path: Assets/Loot Table/Demo/Prefabs/Green_Cube.prefab
  artifactKey: Guid(a57b30c74a7ce4140b49d087aa08c1f5) Importer(815301076,1909f56bfc062723c751e8b465ee728b)
Start importing Assets/Loot Table/Demo/Prefabs/Green_Cube.prefab using Guid(a57b30c74a7ce4140b49d087aa08c1f5) Importer(815301076,1909f56bfc062723c751e8b465ee728b)  -> (artifact id: '10c803050e0696524365df9519c5b5ee') in 0.018201 seconds 
========================================================================
Received Import Request.
  Time since last request: 0.000040 seconds.
  path: Assets/Loot Table/Demo/Prefabs/Glow_Cylinder.prefab
  artifactKey: Guid(9f0680fb7dc80624d9df71db35a31c1b) Importer(815301076,1909f56bfc062723c751e8b465ee728b)
Start importing Assets/Loot Table/Demo/Prefabs/Glow_Cylinder.prefab using Guid(9f0680fb7dc80624d9df71db35a31c1b) Importer(815301076,1909f56bfc062723c751e8b465ee728b)  -> (artifact id: 'c4743ce2eac68d47d37452b9b1d8e4d8') in 0.017755 seconds 
========================================================================
Received Import Request.
  Time since last request: 0.000019 seconds.
  path: Assets/Loot Table/Demo/Prefabs/Purple Ball.prefab
  artifactKey: Guid(5b8e43e55916eb24695fb2df86b13cb3) Importer(815301076,1909f56bfc062723c751e8b465ee728b)
Start importing Assets/Loot Table/Demo/Prefabs/Purple Ball.prefab using Guid(5b8e43e55916eb24695fb2df86b13cb3) Importer(815301076,1909f56bfc062723c751e8b465ee728b)  -> (artifact id: 'd10269b808d7fa53623e0f999a2d5f64') in 0.018712 seconds 
========================================================================
Received Import Request.
  Time since last request: 0.000022 seconds.
  path: Assets/Loot Table/Demo/Prefabs/Red_Ball.prefab
  artifactKey: Guid(dee2e40c5f7583144ae981ee23bf394a) Importer(815301076,1909f56bfc062723c751e8b465ee728b)
Start importing Assets/Loot Table/Demo/Prefabs/Red_Ball.prefab using Guid(dee2e40c5f7583144ae981ee23bf394a) Importer(815301076,1909f56bfc062723c751e8b465ee728b)  -> (artifact id: '0abad642e00fa9649476455cc6eb5678') in 0.016964 seconds 
========================================================================
Received Import Request.
  Time since last request: 0.000026 seconds.
  path: Assets/Loot Table/Demo/Prefabs/Gold_Ball.prefab
  artifactKey: Guid(5fda7da6d40d0a241ae017bbada992df) Importer(815301076,1909f56bfc062723c751e8b465ee728b)
Start importing Assets/Loot Table/Demo/Prefabs/Gold_Ball.prefab using Guid(5fda7da6d40d0a241ae017bbada992df) Importer(815301076,1909f56bfc062723c751e8b465ee728b)  -> (artifact id: '9adc2a8c4c1f4a061db02fffb9698237') in 0.014390 seconds 
========================================================================
Received Import Request.
  Time since last request: 5.647244 seconds.
  path: Assets/Loot Table/Script/LootDrop.cs
  artifactKey: Guid(5aa80a4f21652164d8ac37ff492439b4) Importer(815301076,1909f56bfc062723c751e8b465ee728b)
Start importing Assets/Loot Table/Script/LootDrop.cs using Guid(5aa80a4f21652164d8ac37ff492439b4) Importer(815301076,1909f56bfc062723c751e8b465ee728b)  -> (artifact id: '373e606145bafb92342c93f345a95ee3') in 0.008848 seconds 
========================================================================
Received Import Request.
  Time since last request: 53.820366 seconds.
  path: Assets/Scenes/SampleScene.unity
  artifactKey: Guid(9fc0d4010bbf28b4594072e72b8655ab) Importer(815301076,1909f56bfc062723c751e8b465ee728b)
Start importing Assets/Scenes/SampleScene.unity using Guid(9fc0d4010bbf28b4594072e72b8655ab) Importer(815301076,1909f56bfc062723c751e8b465ee728b)  -> (artifact id: 'e55ccaa32d8e5c1de03c07a5412c8c3c') in 0.009100 seconds 
========================================================================
Received Import Request.
  Time since last request: 1870.712154 seconds.
  path: Assets/Loot Table/Demo/Prefabs/Materials
  artifactKey: Guid(100bdf437febd4549b5dffe3c3aec5e9) Importer(815301076,1909f56bfc062723c751e8b465ee728b)
Start importing Assets/Loot Table/Demo/Prefabs/Materials using Guid(100bdf437febd4549b5dffe3c3aec5e9) Importer(815301076,1909f56bfc062723c751e8b465ee728b)  -> (artifact id: '98f6c946fcf9d6b2b611a9d0d0408330') in 0.008427 seconds 
========================================================================
Received Import Request.
  Time since last request: 0.071596 seconds.
  path: Assets/Loot Table/Demo/Prefabs/Materials/Base-Scene-Material.mat
  artifactKey: Guid(18dca06156ad2bf46bd29866ec6a175a) Importer(815301076,1909f56bfc062723c751e8b465ee728b)
Start importing Assets/Loot Table/Demo/Prefabs/Materials/Base-Scene-Material.mat using Guid(18dca06156ad2bf46bd29866ec6a175a) Importer(815301076,1909f56bfc062723c751e8b465ee728b)  -> (artifact id: '57b81ecc7a2bcc924fe6d7520d11f0f5') in 0.036743 seconds 
========================================================================
Received Import Request.
  Time since last request: 0.000026 seconds.
  path: Assets/Loot Table/Demo/Prefabs/Materials/Material_Prefab_4.mat
  artifactKey: Guid(65ed8ff883d4f354aabb1a22f19a672c) Importer(815301076,1909f56bfc062723c751e8b465ee728b)
Start importing Assets/Loot Table/Demo/Prefabs/Materials/Material_Prefab_4.mat using Guid(65ed8ff883d4f354aabb1a22f19a672c) Importer(815301076,1909f56bfc062723c751e8b465ee728b)  -> (artifact id: 'a36e3f7c8a2af6a16c2b84ce26ce3385') in 0.018899 seconds 
========================================================================
Received Import Request.
  Time since last request: 0.000030 seconds.
  path: Assets/Loot Table/Demo/Prefabs/Materials/Material_Prefab_2.mat
  artifactKey: Guid(19d9cac5c2fa4e54cad78c393f2626e9) Importer(815301076,1909f56bfc062723c751e8b465ee728b)
Start importing Assets/Loot Table/Demo/Prefabs/Materials/Material_Prefab_2.mat using Guid(19d9cac5c2fa4e54cad78c393f2626e9) Importer(815301076,1909f56bfc062723c751e8b465ee728b)  -> (artifact id: 'd5f3f3922a6a12e6233800b05cfd57a1') in 0.018245 seconds 
========================================================================
Received Import Request.
  Time since last request: 0.000038 seconds.
  path: Assets/Loot Table/Demo/Prefabs/Materials/Material_Prefab_3.mat
  artifactKey: Guid(fceec29c8f93e5244b7d764693305196) Importer(815301076,1909f56bfc062723c751e8b465ee728b)
Start importing Assets/Loot Table/Demo/Prefabs/Materials/Material_Prefab_3.mat using Guid(fceec29c8f93e5244b7d764693305196) Importer(815301076,1909f56bfc062723c751e8b465ee728b)  -> (artifact id: 'bd897353231ccf64ef224cdc1924974d') in 0.018142 seconds 
========================================================================
Received Prepare
Registering precompiled user dll's ...
Registered in 0.004383 seconds.
Begin MonoManager ReloadAssembly
Symbol file LoadedFromMemory doesn't match image C:\Users\s213090\Documents\GitHub\ComplexGameSystems\LootSimulator\Library\PackageCache\com.unity.visualscripting@1.7.8\Editor\VisualScripting.Core\Dependencies\YamlDotNet\Unity.VisualScripting.YamlDotNet.dll
Symbol file LoadedFromMemory doesn't match image C:\Users\s213090\Documents\GitHub\ComplexGameSystems\LootSimulator\Library\PackageCache\com.unity.visualscripting@1.7.8\Editor\VisualScripting.Core\Dependencies\DotNetZip\Unity.VisualScripting.IonicZip.dll
Native extension for UWP target not found
Native extension for WindowsStandalone target not found
Native extension for iOS target not found
Native extension for Android target not found
Native extension for WebGL target not found
Refreshing native plugins compatible for Editor in 0.57 ms, found 1 plugins.
Preloading 0 native plugins for Editor in 0.00 ms.
Mono: successfully reloaded assembly
- Completed reload, in  1.104 seconds
Domain Reload Profiling:
	ReloadAssembly (1105ms)
		BeginReloadAssembly (149ms)
			ExecutionOrderSort (0ms)
			DisableScriptedObjects (4ms)
			BackupInstance (0ms)
			ReleaseScriptingObjects (0ms)
			CreateAndSetChildDomain (36ms)
		EndReloadAssembly (840ms)
			LoadAssemblies (91ms)
			RebuildTransferFunctionScriptingTraits (0ms)
			SetupTypeCache (292ms)
			ReleaseScriptCaches (1ms)
			RebuildScriptCaches (52ms)
			SetupLoadedEditorAssemblies (341ms)
				LogAssemblyErrors (0ms)
				InitializePlatformSupportModulesInManaged (49ms)
				SetLoadedEditorAssemblies (1ms)
				RefreshPlugins (1ms)
				BeforeProcessingInitializeOnLoad (81ms)
				ProcessInitializeOnLoadAttributes (172ms)
				ProcessInitializeOnLoadMethodAttributes (26ms)
				AfterProcessingInitializeOnLoad (12ms)
				EditorAssembliesLoaded (0ms)
			ExecutionOrderSort2 (0ms)
			AwakeInstancesAfterBackupRestoration (9ms)
Platform modules already initialized, skipping
Refreshing native plugins compatible for Editor in 1.24 ms, found 1 plugins.
Preloading 0 native plugins for Editor in 0.00 ms.
Unloading 2724 Unused Serialized files (Serialized files now loaded: 0)
Unloading 10 unused Assets / (79.8 KB). Loaded Objects now: 3248.
Memory consumption went from 103.4 MB to 103.4 MB.
Total: 2.791500 ms (FindLiveObjects: 0.249500 ms CreateObjectMapping: 0.139900 ms MarkObjects: 2.296200 ms  DeleteObjects: 0.104700 ms)

AssetImportParameters requested are different than current active one (requested -> active):
  custom:video-decoder-ogg-theora: a1e56fd34408186e4bbccfd4996cb3dc -> 
  custom:container-muxer-webm: aa71ff27fc2769a1b78a27578f13a17b -> 
  custom:container-demuxer-webm: 4f35f7cbe854078d1ac9338744f61a02 -> 
  custom:video-encoder-webm-vp8: eb34c28f22e8b96e1ab97ce403110664 -> 
  custom:audio-encoder-webm-vorbis: bf7c407c2cedff20999df2af8eb42d56 -> 
  custom:framework-win-MediaFoundation: 216162199b28c13a410421893ffa2e32 -> 
  custom:container-demuxer-ogg: 62fdf1f143b41e24485cea50d1cbac27 -> 
  custom:video-decoder-webm-vp8: 9c59270c3fd7afecdb556c50c9e8de78 -> 
  custom:audio-decoder-ogg-vorbis: bf7c407c2cedff20999df2af8eb42d56 -> 
========================================================================
Received Import Request.
  Time since last request: 255.910464 seconds.
  path: Assets/LootDrop.cs
  artifactKey: Guid(10a7acfa128be134b9c21ef3f2e60053) Importer(815301076,1909f56bfc062723c751e8b465ee728b)
Start importing Assets/LootDrop.cs using Guid(10a7acfa128be134b9c21ef3f2e60053) Importer(815301076,1909f56bfc062723c751e8b465ee728b)  -> (artifact id: '7690e0a0483ac0b4cf2a252e24a043f8') in 0.007352 seconds 
========================================================================
Received Import Request.
  Time since last request: 1.215360 seconds.
  path: Assets
  artifactKey: Guid(00000000000000001000000000000000) Importer(815301076,1909f56bfc062723c751e8b465ee728b)
Start importing Assets using Guid(00000000000000001000000000000000) Importer(815301076,1909f56bfc062723c751e8b465ee728b)  -> (artifact id: '79842766b460edbeab6a34051e857a80') in 0.009278 seconds 
========================================================================
Received Import Request.
  Time since last request: 11.535960 seconds.
  path: Assets/Scripts
  artifactKey: Guid(6b8989fee5b910d469e5541a791a200a) Importer(815301076,1909f56bfc062723c751e8b465ee728b)
Start importing Assets/Scripts using Guid(6b8989fee5b910d469e5541a791a200a) Importer(815301076,1909f56bfc062723c751e8b465ee728b)  -> (artifact id: 'ca62d225b792bf3bf49a034c559f3205') in 0.008432 seconds 
========================================================================
Received Import Request.
  Time since last request: 4.289901 seconds.
  path: Assets/Loot Table
  artifactKey: Guid(9dce22be65961714eb0d08baa9e6dc02) Importer(815301076,1909f56bfc062723c751e8b465ee728b)
Start importing Assets/Loot Table using Guid(9dce22be65961714eb0d08baa9e6dc02) Importer(815301076,1909f56bfc062723c751e8b465ee728b)  -> (artifact id: 'c2ed940f2013441ce48aa05f782d259a') in 0.010365 seconds 
========================================================================
Received Import Request.
  Time since last request: 11.228717 seconds.
  path: Assets/LootDrops.cs
  artifactKey: Guid(10a7acfa128be134b9c21ef3f2e60053) Importer(815301076,1909f56bfc062723c751e8b465ee728b)
Start importing Assets/LootDrops.cs using Guid(10a7acfa128be134b9c21ef3f2e60053) Importer(815301076,1909f56bfc062723c751e8b465ee728b)  -> (artifact id: 'e32d524e1cfedd56a9103e947c0e4a70') in 0.008986 seconds 
========================================================================
Received Import Request.
  Time since last request: 6.304516 seconds.
  path: Assets/LootDrops.cs
  artifactKey: Guid(10a7acfa128be134b9c21ef3f2e60053) Importer(815301076,1909f56bfc062723c751e8b465ee728b)
Start importing Assets/LootDrops.cs using Guid(10a7acfa128be134b9c21ef3f2e60053) Importer(815301076,1909f56bfc062723c751e8b465ee728b)  -> (artifact id: '773e8d1a3c9c8a2777d957657ce2ad47') in 0.002826 seconds 
========================================================================
Received Prepare
Registering precompiled user dll's ...
Registered in 0.003482 seconds.
Begin MonoManager ReloadAssembly
Symbol file LoadedFromMemory doesn't match image C:\Users\s213090\Documents\GitHub\ComplexGameSystems\LootSimulator\Library\PackageCache\com.unity.visualscripting@1.7.8\Editor\VisualScripting.Core\Dependencies\YamlDotNet\Unity.VisualScripting.YamlDotNet.dll
Symbol file LoadedFromMemory doesn't match image C:\Users\s213090\Documents\GitHub\ComplexGameSystems\LootSimulator\Library\PackageCache\com.unity.visualscripting@1.7.8\Editor\VisualScripting.Core\Dependencies\DotNetZip\Unity.VisualScripting.IonicZip.dll
Native extension for UWP target not found
Native extension for WindowsStandalone target not found
Native extension for iOS target not found
Native extension for Android target not found
Native extension for WebGL target not found
Refreshing native plugins compatible for Editor in 0.44 ms, found 1 plugins.
Preloading 0 native plugins for Editor in 0.00 ms.
Mono: successfully reloaded assembly
- Completed reload, in  0.992 seconds
Domain Reload Profiling:
	ReloadAssembly (992ms)
		BeginReloadAssembly (135ms)
			ExecutionOrderSort (0ms)
			DisableScriptedObjects (7ms)
			BackupInstance (0ms)
			ReleaseScriptingObjects (0ms)
			CreateAndSetChildDomain (30ms)
		EndReloadAssembly (743ms)
			LoadAssemblies (83ms)
			RebuildTransferFunctionScriptingTraits (0ms)
			SetupTypeCache (266ms)
			ReleaseScriptCaches (1ms)
			RebuildScriptCaches (53ms)
			SetupLoadedEditorAssemblies (290ms)
				LogAssemblyErrors (0ms)
				InitializePlatformSupportModulesInManaged (37ms)
				SetLoadedEditorAssemblies (0ms)
				RefreshPlugins (1ms)
				BeforeProcessingInitializeOnLoad (69ms)
				ProcessInitializeOnLoadAttributes (149ms)
				ProcessInitializeOnLoadMethodAttributes (25ms)
				AfterProcessingInitializeOnLoad (10ms)
				EditorAssembliesLoaded (0ms)
			ExecutionOrderSort2 (0ms)
			AwakeInstancesAfterBackupRestoration (7ms)
Platform modules already initialized, skipping
Refreshing native plugins compatible for Editor in 0.93 ms, found 1 plugins.
Preloading 0 native plugins for Editor in 0.00 ms.
Unloading 2725 Unused Serialized files (Serialized files now loaded: 0)
Unloading 10 unused Assets / (79.8 KB). Loaded Objects now: 3252.
Memory consumption went from 103.5 MB to 103.4 MB.
Total: 2.632800 ms (FindLiveObjects: 0.222900 ms CreateObjectMapping: 0.148400 ms MarkObjects: 2.171600 ms  DeleteObjects: 0.089200 ms)

AssetImportParameters requested are different than current active one (requested -> active):
  custom:video-decoder-ogg-theora: a1e56fd34408186e4bbccfd4996cb3dc -> 
  custom:container-muxer-webm: aa71ff27fc2769a1b78a27578f13a17b -> 
  custom:container-demuxer-webm: 4f35f7cbe854078d1ac9338744f61a02 -> 
  custom:video-encoder-webm-vp8: eb34c28f22e8b96e1ab97ce403110664 -> 
  custom:audio-encoder-webm-vorbis: bf7c407c2cedff20999df2af8eb42d56 -> 
  custom:framework-win-MediaFoundation: 216162199b28c13a410421893ffa2e32 -> 
  custom:container-demuxer-ogg: 62fdf1f143b41e24485cea50d1cbac27 -> 
  custom:video-decoder-webm-vp8: 9c59270c3fd7afecdb556c50c9e8de78 -> 
  custom:audio-decoder-ogg-vorbis: bf7c407c2cedff20999df2af8eb42d56 -> 
========================================================================
Received Import Request.
  Time since last request: 348.097733 seconds.
  path: Assets/LootDrops.cs
  artifactKey: Guid(10a7acfa128be134b9c21ef3f2e60053) Importer(815301076,1909f56bfc062723c751e8b465ee728b)
Start importing Assets/LootDrops.cs using Guid(10a7acfa128be134b9c21ef3f2e60053) Importer(815301076,1909f56bfc062723c751e8b465ee728b)  -> (artifact id: '8772a7baa30504d9794e7e1e5824bd69') in 0.008943 seconds 
========================================================================
Received Prepare
Registering precompiled user dll's ...
Registered in 0.003400 seconds.
Begin MonoManager ReloadAssembly
Symbol file LoadedFromMemory doesn't match image C:\Users\s213090\Documents\GitHub\ComplexGameSystems\LootSimulator\Library\PackageCache\com.unity.visualscripting@1.7.8\Editor\VisualScripting.Core\Dependencies\YamlDotNet\Unity.VisualScripting.YamlDotNet.dll
Symbol file LoadedFromMemory doesn't match image C:\Users\s213090\Documents\GitHub\ComplexGameSystems\LootSimulator\Library\PackageCache\com.unity.visualscripting@1.7.8\Editor\VisualScripting.Core\Dependencies\DotNetZip\Unity.VisualScripting.IonicZip.dll
Native extension for UWP target not found
Native extension for WindowsStandalone target not found
Native extension for iOS target not found
Native extension for Android target not found
Native extension for WebGL target not found
Refreshing native plugins compatible for Editor in 0.39 ms, found 1 plugins.
Preloading 0 native plugins for Editor in 0.00 ms.
Mono: successfully reloaded assembly
- Completed reload, in  1.049 seconds
Domain Reload Profiling:
	ReloadAssembly (1050ms)
		BeginReloadAssembly (156ms)
			ExecutionOrderSort (0ms)
			DisableScriptedObjects (6ms)
			BackupInstance (0ms)
			ReleaseScriptingObjects (0ms)
			CreateAndSetChildDomain (35ms)
		EndReloadAssembly (783ms)
			LoadAssemblies (104ms)
			RebuildTransferFunctionScriptingTraits (0ms)
			SetupTypeCache (323ms)
			ReleaseScriptCaches (1ms)
			RebuildScriptCaches (45ms)
			SetupLoadedEditorAssemblies (275ms)
				LogAssemblyErrors (0ms)
				InitializePlatformSupportModulesInManaged (36ms)
				SetLoadedEditorAssemblies (0ms)
				RefreshPlugins (0ms)
				BeforeProcessingInitializeOnLoad (68ms)
				ProcessInitializeOnLoadAttributes (139ms)
				ProcessInitializeOnLoadMethodAttributes (21ms)
				AfterProcessingInitializeOnLoad (9ms)
				EditorAssembliesLoaded (0ms)
			ExecutionOrderSort2 (0ms)
			AwakeInstancesAfterBackupRestoration (6ms)
Platform modules already initialized, skipping
Refreshing native plugins compatible for Editor in 1.11 ms, found 1 plugins.
Preloading 0 native plugins for Editor in 0.00 ms.
Unloading 2725 Unused Serialized files (Serialized files now loaded: 0)
Unloading 10 unused Assets / (79.9 KB). Loaded Objects now: 3255.
Memory consumption went from 103.5 MB to 103.4 MB.
Total: 2.594600 ms (FindLiveObjects: 0.227600 ms CreateObjectMapping: 0.131000 ms MarkObjects: 2.137700 ms  DeleteObjects: 0.097500 ms)

AssetImportParameters requested are different than current active one (requested -> active):
  custom:video-decoder-ogg-theora: a1e56fd34408186e4bbccfd4996cb3dc -> 
  custom:container-muxer-webm: aa71ff27fc2769a1b78a27578f13a17b -> 
  custom:container-demuxer-webm: 4f35f7cbe854078d1ac9338744f61a02 -> 
  custom:video-encoder-webm-vp8: eb34c28f22e8b96e1ab97ce403110664 -> 
  custom:audio-encoder-webm-vorbis: bf7c407c2cedff20999df2af8eb42d56 -> 
  custom:framework-win-MediaFoundation: 216162199b28c13a410421893ffa2e32 -> 
  custom:container-demuxer-ogg: 62fdf1f143b41e24485cea50d1cbac27 -> 
  custom:video-decoder-webm-vp8: 9c59270c3fd7afecdb556c50c9e8de78 -> 
  custom:audio-decoder-ogg-vorbis: bf7c407c2cedff20999df2af8eb42d56 -> 
========================================================================
Received Import Request.
  Time since last request: 26.984545 seconds.
  path: Assets/Scenes
  artifactKey: Guid(6ea315d0fd7389c41b19996891e99ae3) Importer(815301076,1909f56bfc062723c751e8b465ee728b)
Start importing Assets/Scenes using Guid(6ea315d0fd7389c41b19996891e99ae3) Importer(815301076,1909f56bfc062723c751e8b465ee728b)  -> (artifact id: 'b8193726cff86800c54781cdc6d54904') in 0.012554 seconds 
========================================================================
Received Prepare
Registering precompiled user dll's ...
Registered in 0.003801 seconds.
Begin MonoManager ReloadAssembly
Symbol file LoadedFromMemory doesn't match image C:\Users\s213090\Documents\GitHub\ComplexGameSystems\LootSimulator\Library\PackageCache\com.unity.visualscripting@1.7.8\Editor\VisualScripting.Core\Dependencies\YamlDotNet\Unity.VisualScripting.YamlDotNet.dll
Symbol file LoadedFromMemory doesn't match image C:\Users\s213090\Documents\GitHub\ComplexGameSystems\LootSimulator\Library\PackageCache\com.unity.visualscripting@1.7.8\Editor\VisualScripting.Core\Dependencies\DotNetZip\Unity.VisualScripting.IonicZip.dll
Native extension for UWP target not found
Native extension for WindowsStandalone target not found
Native extension for iOS target not found
Native extension for Android target not found
Native extension for WebGL target not found
Refreshing native plugins compatible for Editor in 0.43 ms, found 1 plugins.
Preloading 0 native plugins for Editor in 0.00 ms.
Mono: successfully reloaded assembly
- Completed reload, in  0.961 seconds
Domain Reload Profiling:
	ReloadAssembly (962ms)
		BeginReloadAssembly (142ms)
			ExecutionOrderSort (0ms)
			DisableScriptedObjects (6ms)
			BackupInstance (0ms)
			ReleaseScriptingObjects (0ms)
			CreateAndSetChildDomain (29ms)
		EndReloadAssembly (709ms)
			LoadAssemblies (92ms)
			RebuildTransferFunctionScriptingTraits (0ms)
			SetupTypeCache (257ms)
			ReleaseScriptCaches (1ms)
			RebuildScriptCaches (48ms)
			SetupLoadedEditorAssemblies (263ms)
				LogAssemblyErrors (0ms)
				InitializePlatformSupportModulesInManaged (39ms)
				SetLoadedEditorAssemblies (1ms)
				RefreshPlugins (0ms)
				BeforeProcessingInitializeOnLoad (64ms)
				ProcessInitializeOnLoadAttributes (129ms)
				ProcessInitializeOnLoadMethodAttributes (19ms)
				AfterProcessingInitializeOnLoad (11ms)
				EditorAssembliesLoaded (0ms)
			ExecutionOrderSort2 (0ms)
			AwakeInstancesAfterBackupRestoration (7ms)
Platform modules already initialized, skipping
Refreshing native plugins compatible for Editor in 1.46 ms, found 1 plugins.
Preloading 0 native plugins for Editor in 0.00 ms.
Unloading 2725 Unused Serialized files (Serialized files now loaded: 0)
Unloading 10 unused Assets / (79.8 KB). Loaded Objects now: 3258.
Memory consumption went from 103.5 MB to 103.4 MB.
Total: 2.522700 ms (FindLiveObjects: 0.218000 ms CreateObjectMapping: 0.133400 ms MarkObjects: 2.080200 ms  DeleteObjects: 0.089900 ms)

AssetImportParameters requested are different than current active one (requested -> active):
  custom:video-decoder-ogg-theora: a1e56fd34408186e4bbccfd4996cb3dc -> 
  custom:container-muxer-webm: aa71ff27fc2769a1b78a27578f13a17b -> 
  custom:container-demuxer-webm: 4f35f7cbe854078d1ac9338744f61a02 -> 
  custom:video-encoder-webm-vp8: eb34c28f22e8b96e1ab97ce403110664 -> 
  custom:audio-encoder-webm-vorbis: bf7c407c2cedff20999df2af8eb42d56 -> 
  custom:framework-win-MediaFoundation: 216162199b28c13a410421893ffa2e32 -> 
  custom:container-demuxer-ogg: 62fdf1f143b41e24485cea50d1cbac27 -> 
  custom:video-decoder-webm-vp8: 9c59270c3fd7afecdb556c50c9e8de78 -> 
  custom:audio-decoder-ogg-vorbis: bf7c407c2cedff20999df2af8eb42d56 -> 
========================================================================
Received Import Request.
  Time since last request: 655.023489 seconds.
  path: Assets/Loot Table/Texture/loot-table-gizmo.png
  artifactKey: Guid(fb4fd8d02c44eff49a158d471b50adc7) Importer(815301076,1909f56bfc062723c751e8b465ee728b)
Start importing Assets/Loot Table/Texture/loot-table-gizmo.png using Guid(fb4fd8d02c44eff49a158d471b50adc7) Importer(815301076,1909f56bfc062723c751e8b465ee728b)  -> (artifact id: '640945e6fadc23ffe5ed027fc4a25beb') in 0.136256 seconds 
========================================================================
Received Import Request.
  Time since last request: 25.086149 seconds.
  path: Assets/Scenes/Main.unity
  artifactKey: Guid(9fc0d4010bbf28b4594072e72b8655ab) Importer(815301076,1909f56bfc062723c751e8b465ee728b)
Start importing Assets/Scenes/Main.unity using Guid(9fc0d4010bbf28b4594072e72b8655ab) Importer(815301076,1909f56bfc062723c751e8b465ee728b)  -> (artifact id: 'e14c6db9487ef92a94dc58885498e97d') in 0.009614 seconds 
========================================================================
Received Prepare
Registering precompiled user dll's ...
Registered in 0.003400 seconds.
Begin MonoManager ReloadAssembly
Symbol file LoadedFromMemory doesn't match image C:\Users\s213090\Documents\GitHub\ComplexGameSystems\LootSimulator\Library\PackageCache\com.unity.visualscripting@1.7.8\Editor\VisualScripting.Core\Dependencies\YamlDotNet\Unity.VisualScripting.YamlDotNet.dll
Symbol file LoadedFromMemory doesn't match image C:\Users\s213090\Documents\GitHub\ComplexGameSystems\LootSimulator\Library\PackageCache\com.unity.visualscripting@1.7.8\Editor\VisualScripting.Core\Dependencies\DotNetZip\Unity.VisualScripting.IonicZip.dll
Native extension for UWP target not found
Native extension for WindowsStandalone target not found
Native extension for iOS target not found
Native extension for Android target not found
Native extension for WebGL target not found
Refreshing native plugins compatible for Editor in 0.40 ms, found 1 plugins.
Preloading 0 native plugins for Editor in 0.00 ms.
Mono: successfully reloaded assembly
- Completed reload, in  1.019 seconds
Domain Reload Profiling:
	ReloadAssembly (1019ms)
		BeginReloadAssembly (143ms)
			ExecutionOrderSort (0ms)
			DisableScriptedObjects (5ms)
			BackupInstance (0ms)
			ReleaseScriptingObjects (0ms)
			CreateAndSetChildDomain (31ms)
		EndReloadAssembly (767ms)
			LoadAssemblies (95ms)
			RebuildTransferFunctionScriptingTraits (0ms)
			SetupTypeCache (291ms)
			ReleaseScriptCaches (1ms)
			RebuildScriptCaches (51ms)
			SetupLoadedEditorAssemblies (278ms)
				LogAssemblyErrors (0ms)
				InitializePlatformSupportModulesInManaged (40ms)
				SetLoadedEditorAssemblies (1ms)
				RefreshPlugins (0ms)
				BeforeProcessingInitializeOnLoad (76ms)
				ProcessInitializeOnLoadAttributes (132ms)
				ProcessInitializeOnLoadMethodAttributes (19ms)
				AfterProcessingInitializeOnLoad (9ms)
				EditorAssembliesLoaded (0ms)
			ExecutionOrderSort2 (0ms)
			AwakeInstancesAfterBackupRestoration (7ms)
Platform modules already initialized, skipping
Refreshing native plugins compatible for Editor in 1.17 ms, found 1 plugins.
Preloading 0 native plugins for Editor in 0.00 ms.
Unloading 2725 Unused Serialized files (Serialized files now loaded: 0)
Unloading 10 unused Assets / (79.9 KB). Loaded Objects now: 3263.
Memory consumption went from 103.5 MB to 103.4 MB.
Total: 2.926400 ms (FindLiveObjects: 0.228600 ms CreateObjectMapping: 0.271900 ms MarkObjects: 2.323200 ms  DeleteObjects: 0.101600 ms)

AssetImportParameters requested are different than current active one (requested -> active):
  custom:video-decoder-ogg-theora: a1e56fd34408186e4bbccfd4996cb3dc -> 
  custom:container-muxer-webm: aa71ff27fc2769a1b78a27578f13a17b -> 
  custom:container-demuxer-webm: 4f35f7cbe854078d1ac9338744f61a02 -> 
  custom:video-encoder-webm-vp8: eb34c28f22e8b96e1ab97ce403110664 -> 
  custom:audio-encoder-webm-vorbis: bf7c407c2cedff20999df2af8eb42d56 -> 
  custom:framework-win-MediaFoundation: 216162199b28c13a410421893ffa2e32 -> 
  custom:container-demuxer-ogg: 62fdf1f143b41e24485cea50d1cbac27 -> 
  custom:video-decoder-webm-vp8: 9c59270c3fd7afecdb556c50c9e8de78 -> 
  custom:audio-decoder-ogg-vorbis: bf7c407c2cedff20999df2af8eb42d56 -> 
========================================================================
Received Import Request.
  Time since last request: 64.293308 seconds.
  path: Assets/Items
  artifactKey: Guid(1d1c9d848c57eea46a34ac23e7fe0772) Importer(815301076,1909f56bfc062723c751e8b465ee728b)
Start importing Assets/Items using Guid(1d1c9d848c57eea46a34ac23e7fe0772) Importer(815301076,1909f56bfc062723c751e8b465ee728b)  -> (artifact id: '8094ef71f6773cfac2e76d382b6897e3') in 0.014829 seconds 
========================================================================
Received Import Request.
  Time since last request: 42.617255 seconds.
  path: Assets/Materials
  artifactKey: Guid(97e3e84e2bc66ab48a62bc33853360fb) Importer(815301076,1909f56bfc062723c751e8b465ee728b)
Start importing Assets/Materials using Guid(97e3e84e2bc66ab48a62bc33853360fb) Importer(815301076,1909f56bfc062723c751e8b465ee728b)  -> (artifact id: '69b33a75eac73c053c066bdb03fef85d') in 0.002543 seconds 
========================================================================
Received Import Request.
  Time since last request: 13.420249 seconds.
  path: Assets/Materials/Black.mat
  artifactKey: Guid(7ca7a91491870c24794f7ff4f0bc6baf) Importer(815301076,1909f56bfc062723c751e8b465ee728b)
Start importing Assets/Materials/Black.mat using Guid(7ca7a91491870c24794f7ff4f0bc6baf) Importer(815301076,1909f56bfc062723c751e8b465ee728b)  -> (artifact id: '2a2302813fda265f23303ee802897f5d') in 0.086450 seconds 
========================================================================
Received Import Request.
  Time since last request: 5.774157 seconds.
  path: Assets/Materials/Black 1.mat
  artifactKey: Guid(08b9859321a753c44aeeb72c0f98ec1d) Importer(815301076,1909f56bfc062723c751e8b465ee728b)
Start importing Assets/Materials/Black 1.mat using Guid(08b9859321a753c44aeeb72c0f98ec1d) Importer(815301076,1909f56bfc062723c751e8b465ee728b)  -> (artifact id: '4f10ca56f338441e26f6bcdffa1682b9') in 0.015565 seconds 
========================================================================
Received Import Request.
  Time since last request: 0.186615 seconds.
  path: Assets/Materials/Black 2.mat
  artifactKey: Guid(640b28b66262cb24a91ca5102b044e15) Importer(815301076,1909f56bfc062723c751e8b465ee728b)
Start importing Assets/Materials/Black 2.mat using Guid(640b28b66262cb24a91ca5102b044e15) Importer(815301076,1909f56bfc062723c751e8b465ee728b)  -> (artifact id: '3daf7bec23ae2a5eb8e975a3804a9d90') in 0.015259 seconds 
========================================================================
Received Import Request.
  Time since last request: 0.173843 seconds.
  path: Assets/Materials/Black 3.mat
  artifactKey: Guid(861bcba50898d3e47945bd9177dc38a2) Importer(815301076,1909f56bfc062723c751e8b465ee728b)
Start importing Assets/Materials/Black 3.mat using Guid(861bcba50898d3e47945bd9177dc38a2) Importer(815301076,1909f56bfc062723c751e8b465ee728b)  -> (artifact id: '12042f18fec67435e1e2cc5eda8c7edd') in 0.017195 seconds 
========================================================================
Received Import Request.
  Time since last request: 0.201864 seconds.
  path: Assets/Materials/Black 4.mat
  artifactKey: Guid(ae163a1492476804c8895fce7d8961f3) Importer(815301076,1909f56bfc062723c751e8b465ee728b)
Start importing Assets/Materials/Black 4.mat using Guid(ae163a1492476804c8895fce7d8961f3) Importer(815301076,1909f56bfc062723c751e8b465ee728b)  -> (artifact id: 'a89b552d23489f5f034f4ade3f5f4038') in 0.018124 seconds 
========================================================================
Received Import Request.
  Time since last request: 0.744523 seconds.
  path: Assets/Materials/Black 5.mat
  artifactKey: Guid(e739411cdf4ef844dbd58cbdf810248d) Importer(815301076,1909f56bfc062723c751e8b465ee728b)
Start importing Assets/Materials/Black 5.mat using Guid(e739411cdf4ef844dbd58cbdf810248d) Importer(815301076,1909f56bfc062723c751e8b465ee728b)  -> (artifact id: '54f170d984787b53730fe770116abb8c') in 0.013282 seconds 
========================================================================
Received Import Request.
  Time since last request: 18.093808 seconds.
  path: Assets/Materials/White.mat
  artifactKey: Guid(e739411cdf4ef844dbd58cbdf810248d) Importer(815301076,1909f56bfc062723c751e8b465ee728b)
Start importing Assets/Materials/White.mat using Guid(e739411cdf4ef844dbd58cbdf810248d) Importer(815301076,1909f56bfc062723c751e8b465ee728b)  -> (artifact id: 'fcc5477273d46194ccf8eda2d69bab85') in 0.015820 seconds 
========================================================================
Received Import Request.
  Time since last request: 9.342177 seconds.
  path: Assets/Materials/Green.mat
  artifactKey: Guid(ae163a1492476804c8895fce7d8961f3) Importer(815301076,1909f56bfc062723c751e8b465ee728b)
Start importing Assets/Materials/Green.mat using Guid(ae163a1492476804c8895fce7d8961f3) Importer(815301076,1909f56bfc062723c751e8b465ee728b)  -> (artifact id: '873633ad41d1e9c4f3f2ef2b5c176630') in 0.015636 seconds 
========================================================================
Received Import Request.
  Time since last request: 4.775209 seconds.
  path: Assets/Materials/Blue.mat
  artifactKey: Guid(861bcba50898d3e47945bd9177dc38a2) Importer(815301076,1909f56bfc062723c751e8b465ee728b)
Start importing Assets/Materials/Blue.mat using Guid(861bcba50898d3e47945bd9177dc38a2) Importer(815301076,1909f56bfc062723c751e8b465ee728b)  -> (artifact id: 'dd70e22cdeafd43c798192c5da99f1a4') in 0.016560 seconds 
========================================================================
Received Import Request.
  Time since last request: 4.863164 seconds.
  path: Assets/Materials/Purple.mat
  artifactKey: Guid(640b28b66262cb24a91ca5102b044e15) Importer(815301076,1909f56bfc062723c751e8b465ee728b)
Start importing Assets/Materials/Purple.mat using Guid(640b28b66262cb24a91ca5102b044e15) Importer(815301076,1909f56bfc062723c751e8b465ee728b)  -> (artifact id: 'e36ec7b39cd2c213483a03ef8cbd809c') in 0.017216 seconds 
========================================================================
Received Import Request.
  Time since last request: 4.606935 seconds.
  path: Assets/Materials/ORange.mat
  artifactKey: Guid(08b9859321a753c44aeeb72c0f98ec1d) Importer(815301076,1909f56bfc062723c751e8b465ee728b)
Start importing Assets/Materials/ORange.mat using Guid(08b9859321a753c44aeeb72c0f98ec1d) Importer(815301076,1909f56bfc062723c751e8b465ee728b)  -> (artifact id: '06aee95e6218f052a996e89b705cc7af') in 0.017090 seconds 
========================================================================
Received Import Request.
  Time since last request: 5.254974 seconds.
  path: Assets/Materials/Orange.mat
  artifactKey: Guid(08b9859321a753c44aeeb72c0f98ec1d) Importer(815301076,1909f56bfc062723c751e8b465ee728b)
Start importing Assets/Materials/Orange.mat using Guid(08b9859321a753c44aeeb72c0f98ec1d) Importer(815301076,1909f56bfc062723c751e8b465ee728b)  -> (artifact id: '90c72adf901cacaead9853786359867a') in 0.014438 seconds 
========================================================================
Received Import Request.
  Time since last request: 252.400547 seconds.
  path: Assets/Items/Common.prefab
  artifactKey: Guid(7c54b6ddd9ef04c45a0a624c9b3bbf7b) Importer(815301076,1909f56bfc062723c751e8b465ee728b)
Start importing Assets/Items/Common.prefab using Guid(7c54b6ddd9ef04c45a0a624c9b3bbf7b) Importer(815301076,1909f56bfc062723c751e8b465ee728b)  -> (artifact id: '06370fc54e3c97ee6375b639d046db99') in 0.031745 seconds 
========================================================================
Received Import Request.
  Time since last request: 63.577338 seconds.
  path: Assets/Items/Uncommon.prefab
  artifactKey: Guid(7aab6a6e6074f7b4ea48d08c33a930fa) Importer(815301076,1909f56bfc062723c751e8b465ee728b)
Start importing Assets/Items/Uncommon.prefab using Guid(7aab6a6e6074f7b4ea48d08c33a930fa) Importer(815301076,1909f56bfc062723c751e8b465ee728b)  -> (artifact id: '88ce6c1427b32adfa074314599317749') in 0.014277 seconds 
========================================================================
Received Import Request.
  Time since last request: 2.460653 seconds.
  path: Assets/Items/Rare.prefab
  artifactKey: Guid(c97e447511854894d8278fdfa1daf063) Importer(815301076,1909f56bfc062723c751e8b465ee728b)
Start importing Assets/Items/Rare.prefab using Guid(c97e447511854894d8278fdfa1daf063) Importer(815301076,1909f56bfc062723c751e8b465ee728b)  -> (artifact id: '2591ccd6bdab63bda2f2b95eb2df6589') in 0.016506 seconds 
========================================================================
Received Import Request.
  Time since last request: 2.784199 seconds.
  path: Assets/Items/Legendary.prefab
  artifactKey: Guid(abd96eb7af2f1334a957d3c2e46e0838) Importer(815301076,1909f56bfc062723c751e8b465ee728b)
Start importing Assets/Items/Legendary.prefab using Guid(abd96eb7af2f1334a957d3c2e46e0838) Importer(815301076,1909f56bfc062723c751e8b465ee728b)  -> (artifact id: 'd8c00b21cf81919227fe8a52ea2e213f') in 0.015877 seconds 
========================================================================
Received Import Request.
  Time since last request: 2.028465 seconds.
  path: Assets/Items/Exotic.prefab
  artifactKey: Guid(df75009f8d2537e4d87892ffb1b49c7b) Importer(815301076,1909f56bfc062723c751e8b465ee728b)
Start importing Assets/Items/Exotic.prefab using Guid(df75009f8d2537e4d87892ffb1b49c7b) Importer(815301076,1909f56bfc062723c751e8b465ee728b)  -> (artifact id: '3b531f3f542233c6f91964131aa3c0c3') in 0.013604 seconds 
========================================================================
Received Import Request.
  Time since last request: 5.545985 seconds.
  path: Assets/Items/Uncommon.prefab
  artifactKey: Guid(7aab6a6e6074f7b4ea48d08c33a930fa) Importer(815301076,1909f56bfc062723c751e8b465ee728b)
Start importing Assets/Items/Uncommon.prefab using Guid(7aab6a6e6074f7b4ea48d08c33a930fa) Importer(815301076,1909f56bfc062723c751e8b465ee728b)  -> (artifact id: 'd4e4067e33c6749a0b76ee67822de14f') in 0.014236 seconds 
========================================================================
Received Import Request.
  Time since last request: 0.000026 seconds.
  path: Assets/Items/Legendary.prefab
  artifactKey: Guid(abd96eb7af2f1334a957d3c2e46e0838) Importer(815301076,1909f56bfc062723c751e8b465ee728b)
Start importing Assets/Items/Legendary.prefab using Guid(abd96eb7af2f1334a957d3c2e46e0838) Importer(815301076,1909f56bfc062723c751e8b465ee728b)  -> (artifact id: '47a99674717c6f076c92510169ded7ea') in 0.023168 seconds 
========================================================================
Received Import Request.
  Time since last request: 0.000024 seconds.
  path: Assets/Items/Rare.prefab
  artifactKey: Guid(c97e447511854894d8278fdfa1daf063) Importer(815301076,1909f56bfc062723c751e8b465ee728b)
Start importing Assets/Items/Rare.prefab using Guid(c97e447511854894d8278fdfa1daf063) Importer(815301076,1909f56bfc062723c751e8b465ee728b)  -> (artifact id: '287d0350b607a0675c72536477cb8701') in 0.017404 seconds 
========================================================================
Received Import Request.
  Time since last request: 1354.047347 seconds.
  path: Assets/Scripts/LootDrops.cs
  artifactKey: Guid(10a7acfa128be134b9c21ef3f2e60053) Importer(815301076,1909f56bfc062723c751e8b465ee728b)
Start importing Assets/Scripts/LootDrops.cs using Guid(10a7acfa128be134b9c21ef3f2e60053) Importer(815301076,1909f56bfc062723c751e8b465ee728b)  -> (artifact id: '62607992e1787f6ad50afc4376fb6611') in 0.008931 seconds 
========================================================================
Received Import Request.
  Time since last request: 29.538304 seconds.
  path: Assets/Scripts/Spawner.cs
  artifactKey: Guid(37810c9832551ea439dc0932316d46f2) Importer(815301076,1909f56bfc062723c751e8b465ee728b)
Start importing Assets/Scripts/Spawner.cs using Guid(37810c9832551ea439dc0932316d46f2) Importer(815301076,1909f56bfc062723c751e8b465ee728b)  -> (artifact id: '6a0159038a5fec343f0c443053884668') in 0.002551 seconds 
========================================================================
Received Import Request.
  Time since last request: 30.388009 seconds.
  path: Assets/Scripts/Dropper.cs
  artifactKey: Guid(37810c9832551ea439dc0932316d46f2) Importer(815301076,1909f56bfc062723c751e8b465ee728b)
Start importing Assets/Scripts/Dropper.cs using Guid(37810c9832551ea439dc0932316d46f2) Importer(815301076,1909f56bfc062723c751e8b465ee728b)  -> (artifact id: '478ca17f28d6c7efbf6907b87b0e499f') in 0.009821 seconds 
========================================================================
Received Import Request.
  Time since last request: 63.038626 seconds.
  path: Assets/Scripts/Dropper.cs
  artifactKey: Guid(37810c9832551ea439dc0932316d46f2) Importer(815301076,1909f56bfc062723c751e8b465ee728b)
Start importing Assets/Scripts/Dropper.cs using Guid(37810c9832551ea439dc0932316d46f2) Importer(815301076,1909f56bfc062723c751e8b465ee728b)  -> (artifact id: '717b643345e3c2301829cd520f79a6eb') in 0.002973 seconds 
